2024-10-11 02:03:47,420 [ERROR] LogOutputStream:75 - [STDERR_REDIRECT] 
2024-10-11 09:10:26,184 [INFO] Activator:176 - 


2024-10-11 09:10:26,186 [INFO] Activator:177 - !SESSION log4j initialized
2024-10-11 09:10:33,557 [INFO] LogOutputStream:77 - [STDOUT_REDIRECT] 
2024-10-11 09:10:34,616 [INFO] ApplicationProperties:184 - Using Application install path: /home/lth/st/stm32cubeide_1.16.1/plugins/com.st.stm32cube.common.mx_6.12.1.202409122256
2024-10-11 09:10:34,650 [INFO] DbMcusXml:78 - Set database path to: /home/lth/st/stm32cubeide_1.16.1/plugins/com.st.stm32cube.common.mx_6.12.1.202409122256//db//mcu/
2024-10-11 09:10:34,650 [INFO] ApiDb:274 - Set plugin database path to: /home/lth/st/stm32cubeide_1.16.1/plugins/com.st.stm32cube.common.mx_6.12.1.202409122256//db//plugins/boardmanager/
2024-10-11 09:10:34,650 [WARN] ApiDb:259 - Overriding images path with different value:  => /home/lth/st/stm32cubeide_1.16.1/plugins/com.st.stm32cube.common.mx_6.12.1.202409122256//db//plugins/mcufinder/images/
2024-10-11 09:10:34,684 [INFO] ApiDb:250 - Set database path to: /home/lth/.stmcufinder/plugins/mcufinder//mcu/
2024-10-11 09:10:34,685 [INFO] DbMcusAds:125 - Set database path to: /home/lth/.stmcufinder/plugins/mcufinder//mcu/
2024-10-11 09:10:34,689 [INFO] CrossReferenceDbSqlite:203 - Set database path to: /home/lth/.stmcufinder/plugins/mcufinder//mcu/cs/
2024-10-11 09:10:34,858 [INFO] RulesReader:64 - Compatibility file has been processed (297 Rules)
2024-10-11 09:10:34,976 [INFO] DbMcusXml:78 - Set database path to: /home/lth/st/stm32cubeide_1.16.1/plugins/com.st.stm32cube.common.mx_6.12.1.202409122256//db//mcu/
2024-10-11 09:10:34,976 [INFO] ApiDb:274 - Set plugin database path to: /home/lth/st/stm32cubeide_1.16.1/plugins/com.st.stm32cube.common.mx_6.12.1.202409122256//db//plugins/boardmanager/
2024-10-11 09:10:34,976 [INFO] ApiDb:261 - Set plugin images path to: /home/lth/st/stm32cubeide_1.16.1/plugins/com.st.stm32cube.common.mx_6.12.1.202409122256//db//plugins/mcufinder/images/
2024-10-11 09:10:34,976 [WARN] DbFile:41 - Overriding database path with different value: /home/lth/.stmcufinder/plugins/mcufinder/ => /home/lth/.stmcufinder/plugins/mcufinder
2024-10-11 09:10:34,976 [INFO] ApiDb:250 - Set database path to: /home/lth/.stmcufinder/plugins/mcufinder//mcu/
2024-10-11 09:10:34,976 [WARN] DbFile:41 - Overriding database path with different value: /home/lth/.stmcufinder/plugins/mcufinder/ => /home/lth/.stmcufinder/plugins/mcufinder
2024-10-11 09:10:34,976 [INFO] DbMcusAds:125 - Set database path to: /home/lth/.stmcufinder/plugins/mcufinder//mcu/
2024-10-11 09:10:34,976 [WARN] DbFile:41 - Overriding database path with different value: /home/lth/.stmcufinder/plugins/mcufinder/ => /home/lth/.stmcufinder/plugins/mcufinder
2024-10-11 09:10:34,976 [WARN] DbFile:41 - Overriding database path with different value: /home/lth/.stmcufinder/plugins/mcufinder/ => /home/lth/.stmcufinder/plugins/mcufinder
2024-10-11 09:10:34,977 [INFO] CrossReferenceDbSqlite:203 - Set database path to: /home/lth/.stmcufinder/plugins/mcufinder//mcu/cs/
2024-10-11 09:10:35,077 [INFO] MainPanel:268 - HeapMemory: 489684992
2024-10-11 09:10:35,308 [INFO] DbMcusXml:78 - Set database path to: /home/lth/st/stm32cubeide_1.16.1/plugins/com.st.stm32cube.common.mx_6.12.1.202409122256//db//mcu/
2024-10-11 09:10:35,308 [INFO] ApiDb:274 - Set plugin database path to: /home/lth/st/stm32cubeide_1.16.1/plugins/com.st.stm32cube.common.mx_6.12.1.202409122256//db//plugins/boardmanager/
2024-10-11 09:10:35,308 [INFO] ApiDb:261 - Set plugin images path to: /home/lth/st/stm32cubeide_1.16.1/plugins/com.st.stm32cube.common.mx_6.12.1.202409122256//db//plugins/mcufinder/images/
2024-10-11 09:10:35,308 [WARN] DbFile:41 - Overriding database path with different value: /home/lth/.stmcufinder/plugins/mcufinder/ => /home/lth/.stmcufinder/plugins/mcufinder
2024-10-11 09:10:35,309 [INFO] ApiDb:250 - Set database path to: /home/lth/.stmcufinder/plugins/mcufinder//mcu/
2024-10-11 09:10:35,309 [WARN] DbFile:41 - Overriding database path with different value: /home/lth/.stmcufinder/plugins/mcufinder/ => /home/lth/.stmcufinder/plugins/mcufinder
2024-10-11 09:10:35,309 [INFO] DbMcusAds:125 - Set database path to: /home/lth/.stmcufinder/plugins/mcufinder//mcu/
2024-10-11 09:10:35,309 [WARN] DbFile:41 - Overriding database path with different value: /home/lth/.stmcufinder/plugins/mcufinder/ => /home/lth/.stmcufinder/plugins/mcufinder
2024-10-11 09:10:35,309 [WARN] DbFile:41 - Overriding database path with different value: /home/lth/.stmcufinder/plugins/mcufinder/ => /home/lth/.stmcufinder/plugins/mcufinder
2024-10-11 09:10:35,309 [INFO] CrossReferenceDbSqlite:203 - Set database path to: /home/lth/.stmcufinder/plugins/mcufinder//mcu/cs/
2024-10-11 09:10:35,325 [INFO] ApplicationProperties:184 - Using Application install path: /home/lth/st/stm32cubeide_1.16.1/plugins/com.st.stm32cube.common.mx_6.12.1.202409122256
2024-10-11 09:10:35,326 [INFO] PluginManage:196 - Search for loadable plugins [exclusion list=, ]
2024-10-11 09:10:35,334 [INFO] PluginManage:310 - Check plugin analytics
2024-10-11 09:10:35,570 [INFO] AnalyticsPlugin:253 - Accepted Software Licenses: STM32CubeMX.6.5.0,STM32CubeMX.6.9.2,STM32CubeMX.6.10.0
2024-10-11 09:10:35,570 [INFO] AnalyticsPlugin:255 - Accepted CMSIS Pack Licenses: 
2024-10-11 09:10:35,570 [INFO] AnalyticsPlugin:257 - Accepted Firmware Licenses: FW.MP1.1.6.0,FW.C0.1.0.0,FW.F4.1.28.0,FW.L4.1.18.0
2024-10-11 09:10:35,573 [INFO] PluginManage:359 - Loaded plugin analytics (category:tool,tabindex:-1)
2024-10-11 09:10:35,573 [INFO] PluginManage:310 - Check plugin cadmodel
2024-10-11 09:10:35,608 [INFO] CADModel:105 - Init CAD model plugin
2024-10-11 09:10:35,608 [INFO] PluginManage:359 - Loaded plugin cadmodel (category:power,tabindex:5)
2024-10-11 09:10:35,609 [INFO] PluginManage:310 - Check plugin clock
2024-10-11 09:10:35,659 [INFO] PluginManage:359 - Loaded plugin clock (category:base,tabindex:2)
2024-10-11 09:10:35,659 [INFO] PluginManage:310 - Check plugin ddr
2024-10-11 09:10:35,671 [INFO] PluginManage:359 - Loaded plugin ddr (category:tool,tabindex:6)
2024-10-11 09:10:35,671 [INFO] PluginManage:310 - Check plugin filemanager
2024-10-11 09:10:35,863 [INFO] PluginManage:359 - Loaded plugin filemanager (category:base,tabindex:10)
2024-10-11 09:10:35,863 [INFO] PluginManage:310 - Check plugin ipmanager
2024-10-11 09:10:35,886 [INFO] PluginManage:359 - Loaded plugin ipmanager (category:base,tabindex:5)
2024-10-11 09:10:35,886 [INFO] PluginManage:310 - Check plugin lpbam
2024-10-11 09:10:35,917 [INFO] PluginManage:359 - Loaded plugin lpbam (category:base,tabindex:0)
2024-10-11 09:10:35,917 [INFO] PluginManage:310 - Check plugin memorymap
2024-10-11 09:10:35,955 [INFO] PluginManage:359 - Loaded plugin memorymap (category:base,tabindex:4)
2024-10-11 09:10:35,955 [INFO] PluginManage:310 - Check plugin pinoutandconfiguration
2024-10-11 09:10:35,997 [INFO] PluginManage:359 - Loaded plugin pinoutandconfiguration (category:base,tabindex:1)
2024-10-11 09:10:35,998 [INFO] PluginManage:310 - Check plugin pinoutconfig
2024-10-11 09:10:36,112 [WARN] SupportedApi:132 - Cannot load RTOS API schema: s4s-elt-must-match.1: The content of 'definitions' must match (annotation?, (simpleType | complexType)?, (unique | key | keyref)*)). A problem was found starting at: attribute.
2024-10-11 09:10:36,250 [INFO] PluginManage:359 - Loaded plugin pinoutconfig (category:base,tabindex:0)
2024-10-11 09:10:36,250 [INFO] PluginManage:310 - Check plugin power
2024-10-11 09:10:36,303 [INFO] PluginManage:359 - Loaded plugin power (category:power,tabindex:4)
2024-10-11 09:10:36,304 [INFO] PluginManage:310 - Check plugin projectmanager
2024-10-11 09:10:36,331 [INFO] PluginManage:359 - Loaded plugin projectmanager (category:projectmanager,tabindex:4)
2024-10-11 09:10:36,331 [INFO] PluginManage:310 - Check plugin rif
2024-10-11 09:10:36,362 [INFO] PluginManage:359 - Loaded plugin rif (category:base,tabindex:3)
2024-10-11 09:10:36,362 [INFO] PluginManage:310 - Check plugin thirdparty
2024-10-11 09:10:36,609 [INFO] PluginManage:359 - Loaded plugin thirdparty (category:base,tabindex:-1)
2024-10-11 09:10:36,609 [WARN] IntegrityCheckThread:84 - waiting for thirdparty lock release [integrity check]
2024-10-11 09:10:36,609 [INFO] PluginManage:310 - Check plugin tools
2024-10-11 09:10:36,609 [INFO] IntegrityCheckThread:86 - entering critical section [integrity check]
2024-10-11 09:10:36,610 [INFO] ThirdPartyUpdaterWithRetryManager:70 - Updater plugin not ready yet. [1/15]
2024-10-11 09:10:36,628 [INFO] PluginManage:359 - Loaded plugin tools (category:base,tabindex:7)
2024-10-11 09:10:36,628 [INFO] PluginManage:310 - Check plugin tutovideos
2024-10-11 09:10:36,855 [INFO] PluginManage:359 - Loaded plugin tutovideos (category:base,tabindex:-1)
2024-10-11 09:10:36,855 [INFO] PluginManage:310 - Check plugin updater
2024-10-11 09:10:36,889 [INFO] PluginManage:359 - Loaded plugin updater (category:base,tabindex:12)
2024-10-11 09:10:36,889 [INFO] PluginManage:310 - Check plugin userauth
2024-10-11 09:10:36,907 [INFO] UserAuth:113 - Init User Auth plugin
2024-10-11 09:10:36,908 [INFO] PluginManage:359 - Loaded plugin userauth (category:base,tabindex:14)
2024-10-11 09:10:36,908 [INFO] PluginManage:283 - PluginManage : Loaded plugins [18]
2024-10-11 09:10:37,124 [INFO] PinOutPanel:1561 - setPackage(No Configuration,No Configuration)
2024-10-11 09:10:37,244 [INFO] CADModel:165 - CPN selected for project level
2024-10-11 09:10:37,244 [INFO] CADModel:114 - Register for checkConnection events
2024-10-11 09:10:37,269 [INFO] IPUIPlugin:80 - create IPUIPlugin
2024-10-11 09:10:37,270 [INFO] PluginManager:220 - loadIPPluginJar : add nvic
2024-10-11 09:10:37,272 [INFO] IPUIPlugin:80 - create IPUIPlugin
2024-10-11 09:10:37,272 [INFO] PluginManager:220 - loadIPPluginJar : add tsc
2024-10-11 09:10:37,276 [INFO] IPUIPlugin:80 - create IPUIPlugin
2024-10-11 09:10:37,276 [INFO] PluginManager:220 - loadIPPluginJar : add pdm2pcm
2024-10-11 09:10:37,293 [INFO] IPUIPlugin:80 - create IPUIPlugin
2024-10-11 09:10:37,293 [INFO] PluginManager:220 - loadIPPluginJar : add i3c
2024-10-11 09:10:37,316 [INFO] IPUIPlugin:80 - create IPUIPlugin
2024-10-11 09:10:37,316 [INFO] PluginManager:220 - loadIPPluginJar : add mdma
2024-10-11 09:10:37,317 [INFO] IPUIPlugin:80 - create IPUIPlugin
2024-10-11 09:10:37,317 [INFO] PluginManager:220 - loadIPPluginJar : add quadspi
2024-10-11 09:10:37,325 [INFO] IPUIPlugin:80 - create IPUIPlugin
2024-10-11 09:10:37,325 [INFO] PluginManager:220 - loadIPPluginJar : add fatfs
2024-10-11 09:10:37,327 [INFO] IPUIPlugin:80 - create IPUIPlugin
2024-10-11 09:10:37,327 [INFO] PluginManager:220 - loadIPPluginJar : add genericplugin
2024-10-11 09:10:37,351 [INFO] IPUIPlugin:80 - create IPUIPlugin
2024-10-11 09:10:37,351 [INFO] PluginManager:220 - loadIPPluginJar : add resmgrutility
2024-10-11 09:10:37,354 [INFO] IPUIPlugin:80 - create IPUIPlugin
2024-10-11 09:10:37,354 [INFO] PluginManager:220 - loadIPPluginJar : add stm32_wpan
2024-10-11 09:10:37,357 [INFO] IPUIPlugin:80 - create IPUIPlugin
2024-10-11 09:10:37,357 [INFO] PluginManager:220 - loadIPPluginJar : add sai
2024-10-11 09:10:37,358 [INFO] IPUIPlugin:80 - create IPUIPlugin
2024-10-11 09:10:37,358 [INFO] PluginManager:220 - loadIPPluginJar : add gfxmmu
2024-10-11 09:10:37,361 [INFO] IPUIPlugin:80 - create IPUIPlugin
2024-10-11 09:10:37,361 [INFO] PluginManager:220 - loadIPPluginJar : add touchsensing
2024-10-11 09:10:37,363 [INFO] IPUIPlugin:80 - create IPUIPlugin
2024-10-11 09:10:37,363 [INFO] PluginManager:220 - loadIPPluginJar : add spi
2024-10-11 09:10:37,374 [INFO] IPUIPlugin:80 - create IPUIPlugin
2024-10-11 09:10:37,374 [INFO] PluginManager:220 - loadIPPluginJar : add ipddr
2024-10-11 09:10:37,376 [INFO] IPUIPlugin:80 - create IPUIPlugin
2024-10-11 09:10:37,376 [INFO] PluginManager:220 - loadIPPluginJar : add ucpd
2024-10-11 09:10:37,377 [INFO] IPUIPlugin:80 - create IPUIPlugin
2024-10-11 09:10:37,378 [INFO] PluginManager:220 - loadIPPluginJar : add hash
2024-10-11 09:10:37,385 [INFO] IPUIPlugin:80 - create IPUIPlugin
2024-10-11 09:10:37,385 [INFO] PluginManager:220 - loadIPPluginJar : add gtzc
2024-10-11 09:10:37,387 [INFO] IPUIPlugin:80 - create IPUIPlugin
2024-10-11 09:10:37,387 [INFO] PluginManager:220 - loadIPPluginJar : add i2s
2024-10-11 09:10:37,392 [INFO] IPUIPlugin:80 - create IPUIPlugin
2024-10-11 09:10:37,393 [INFO] PluginManager:220 - loadIPPluginJar : add extmemmanager
2024-10-11 09:10:37,410 [INFO] IPUIPlugin:80 - create IPUIPlugin
2024-10-11 09:10:37,410 [INFO] PluginManager:220 - loadIPPluginJar : add dma
2024-10-11 09:10:37,432 [INFO] IPUIPlugin:80 - create IPUIPlugin
2024-10-11 09:10:37,432 [INFO] PluginManager:220 - loadIPPluginJar : add dma3
2024-10-11 09:10:37,442 [INFO] IPUIPlugin:80 - create IPUIPlugin
2024-10-11 09:10:37,442 [INFO] PluginManager:220 - loadIPPluginJar : add freertos
2024-10-11 09:10:37,444 [INFO] IPUIPlugin:80 - create IPUIPlugin
2024-10-11 09:10:37,444 [INFO] PluginManager:220 - loadIPPluginJar : add tracer_emb
2024-10-11 09:10:37,447 [INFO] IPUIPlugin:80 - create IPUIPlugin
2024-10-11 09:10:37,447 [INFO] PluginManager:220 - loadIPPluginJar : add fmc
2024-10-11 09:10:37,449 [INFO] IPUIPlugin:80 - create IPUIPlugin
2024-10-11 09:10:37,449 [INFO] PluginManager:220 - loadIPPluginJar : add tim
2024-10-11 09:10:37,451 [INFO] IPUIPlugin:80 - create IPUIPlugin
2024-10-11 09:10:37,451 [INFO] PluginManager:220 - loadIPPluginJar : add comp
2024-10-11 09:10:37,456 [INFO] IPUIPlugin:80 - create IPUIPlugin
2024-10-11 09:10:37,456 [INFO] PluginManager:220 - loadIPPluginJar : add usart
2024-10-11 09:10:37,459 [INFO] IPUIPlugin:80 - create IPUIPlugin
2024-10-11 09:10:37,460 [INFO] PluginManager:220 - loadIPPluginJar : add dfsdm
2024-10-11 09:10:37,462 [INFO] IPUIPlugin:80 - create IPUIPlugin
2024-10-11 09:10:37,462 [INFO] PluginManager:220 - loadIPPluginJar : add opamp
2024-10-11 09:10:37,481 [INFO] IPUIPlugin:80 - create IPUIPlugin
2024-10-11 09:10:37,481 [INFO] PluginManager:220 - loadIPPluginJar : add linkedlist
2024-10-11 09:10:37,501 [INFO] IPUIPlugin:80 - create IPUIPlugin
2024-10-11 09:10:37,502 [INFO] PluginManager:220 - loadIPPluginJar : add ddr_ctrl_phy
2024-10-11 09:10:37,503 [INFO] IPUIPlugin:80 - create IPUIPlugin
2024-10-11 09:10:37,503 [INFO] PluginManager:220 - loadIPPluginJar : add ts
2024-10-11 09:10:37,504 [INFO] IPUIPlugin:80 - create IPUIPlugin
2024-10-11 09:10:37,504 [INFO] PluginManager:220 - loadIPPluginJar : add radio
2024-10-11 09:10:37,506 [INFO] IPUIPlugin:80 - create IPUIPlugin
2024-10-11 09:10:37,506 [INFO] PluginManager:220 - loadIPPluginJar : add usbx
2024-10-11 09:10:37,508 [INFO] IPUIPlugin:80 - create IPUIPlugin
2024-10-11 09:10:37,508 [INFO] PluginManager:220 - loadIPPluginJar : add openamp
2024-10-11 09:10:37,510 [INFO] IPUIPlugin:80 - create IPUIPlugin
2024-10-11 09:10:37,510 [INFO] PluginManager:220 - loadIPPluginJar : add aes
2024-10-11 09:10:37,510 [INFO] IPUIPlugin:80 - create IPUIPlugin
2024-10-11 09:10:37,511 [INFO] PluginManager:220 - loadIPPluginJar : add ltdc
2024-10-11 09:10:37,512 [INFO] IPUIPlugin:80 - create IPUIPlugin
2024-10-11 09:10:37,512 [INFO] PluginManager:220 - loadIPPluginJar : add lorawan
2024-10-11 09:10:37,516 [INFO] IPUIPlugin:80 - create IPUIPlugin
2024-10-11 09:10:37,516 [INFO] PluginManager:220 - loadIPPluginJar : add gpio
2024-10-11 09:10:37,533 [INFO] IPUIPlugin:80 - create IPUIPlugin
2024-10-11 09:10:37,533 [INFO] PluginManager:220 - loadIPPluginJar : add adc
2024-10-11 09:10:37,535 [INFO] IPUIPlugin:80 - create IPUIPlugin
2024-10-11 09:10:37,535 [INFO] PluginManager:220 - loadIPPluginJar : add i2c
2024-10-11 09:10:37,537 [INFO] IPUIPlugin:80 - create IPUIPlugin
2024-10-11 09:10:37,537 [INFO] PluginManager:220 - loadIPPluginJar : add can
2024-10-11 09:10:37,539 [INFO] IPUIPlugin:80 - create IPUIPlugin
2024-10-11 09:10:37,539 [INFO] PluginManager:220 - loadIPPluginJar : add cryp
2024-10-11 09:10:37,542 [INFO] IPUIPlugin:80 - create IPUIPlugin
2024-10-11 09:10:37,542 [INFO] PluginManager:220 - loadIPPluginJar : add gic
2024-10-11 09:10:37,562 [INFO] IPUIPlugin:80 - create IPUIPlugin
2024-10-11 09:10:37,565 [INFO] PluginManager:220 - loadIPPluginJar : add plateformsettings
2024-10-11 09:10:37,668 [INFO] CADModel:165 - CPN selected for project level
2024-10-11 09:10:37,668 [INFO] CADModel:114 - Register for checkConnection events
2024-10-11 09:10:37,668 [FATAL] Updater:334 - Updater called before beeing initialized
2024-10-11 09:10:37,668 [ERROR] CADModel:125 - Updater not yet initialized, retry later 
2024-10-11 09:10:37,862 [INFO] CADModel:165 - CPN selected for project level
2024-10-11 09:10:37,862 [INFO] CADModel:114 - Register for checkConnection events
2024-10-11 09:10:37,862 [FATAL] Updater:334 - Updater called before beeing initialized
2024-10-11 09:10:37,862 [ERROR] CADModel:125 - Updater not yet initialized, retry later 
2024-10-11 09:10:37,873 [FATAL] Updater:334 - Updater called before beeing initialized
2024-10-11 09:10:37,946 [FATAL] Updater:334 - Updater called before beeing initialized
2024-10-11 09:10:37,962 [INFO] DbMcusAds:53 - JSON generation date=Fri Sep 20 21:04:23 MYT 2024 (1726837463113)
2024-10-11 09:10:37,963 [FATAL] Updater:334 - Updater called before beeing initialized
2024-10-11 09:10:38,037 [WARN] DetailPanel:346 - Failed to get advertising image, set to default
2024-10-11 09:10:38,128 [FATAL] Updater:334 - Updater called before beeing initialized
2024-10-11 09:10:38,129 [FATAL] Updater:334 - Updater called before beeing initialized
2024-10-11 09:10:38,129 [FATAL] Updater:334 - Updater called before beeing initialized
2024-10-11 09:10:38,129 [WARN] DetailPanel:346 - Failed to get advertising image, set to default
2024-10-11 09:10:38,130 [FATAL] Updater:334 - Updater called before beeing initialized
2024-10-11 09:10:38,182 [ERROR] Updater:1164 - MainUpdater not yet initialized. External WinMGr cannot be set.
2024-10-11 09:10:38,184 [INFO] Updater:1100 - Updater Version found : 6.12.1
2024-10-11 09:10:38,215 [INFO] ApplicationProperties:184 - Using Application install path: /home/lth/st/stm32cubeide_1.16.1/plugins/com.st.stm32cube.common.mx_6.12.1.202409122256
2024-10-11 09:10:39,610 [INFO] ThirdPartyUpdaterWithRetryManager:70 - Updater plugin not ready yet. [2/15]
2024-10-11 09:10:40,685 [INFO] MainUpdater:2873 - connection check result : 10
2024-10-11 09:10:40,685 [INFO] MainUpdater:3567 - Updater definition file requires update
2024-10-11 09:10:40,685 [INFO] MainUpdater:290 - Updater Check For Update Now.
2024-10-11 09:10:40,686 [INFO] MicroXplorer:498 - Change Database Version : DB.6.0.121
2024-10-11 09:10:40,702 [INFO] McuFinderGlobals:63 - Set McuFinder mode to 2 (CubeIDE integrated)
2024-10-11 09:10:40,718 [INFO] UserAuth:417 - Internet connection configuration mode: 1
2024-10-11 09:10:40,720 [INFO] ServerAccessManage:473 - Download File updaters.zip
2024-10-11 09:10:40,822 [INFO] JxBrowserEngine:152 - Initiate JxBrowser Engine with user profile folder
2024-10-11 09:10:40,888 [INFO] FileExtend:240 - Unzip File : updaters.zip
2024-10-11 09:10:40,888 [INFO] FileExtend:255 - Standard Zip Deflate
2024-10-11 09:10:41,236 [INFO] ServerAccessManage:473 - Download File PacksControlFlags.xml
2024-10-11 09:10:41,331 [INFO] ServerAccessManage:473 - Download File cubemx.pidx
2024-10-11 09:10:41,559 [INFO] LoadServerUpdatesThread:375 - End of LoadServerUpdate Thread
2024-10-11 09:10:41,760 [INFO] CheckServerUpdateThread:120 - End of CheckServer Thread
2024-10-11 09:10:48,872 [WARN] PackLoader:240 - Cannot read IP mode file for wolfSSL.I-CUBE-wolfSSL.5.2.0
2024-10-11 09:10:49,493 [WARN] PackLoader:240 - Cannot read IP mode file for STMicroelectronics.FP-SNS-MOTENVWB1.1.4.0
2024-10-11 09:10:49,588 [WARN] PackLoader:240 - Cannot read IP mode file for STMicroelectronics.X-CUBE-SMBUS.2.1.0
2024-10-11 09:10:49,663 [WARN] PackLoader:240 - Cannot read IP mode file for STMicroelectronics.X-CUBE-WB05N.1.1.0
2024-10-11 09:10:49,710 [WARN] ConditionMgr:438 - getConditionDescription Invalid condition id : SIGFOX STM32 LIB Condition cause : null
2024-10-11 09:10:49,712 [WARN] ConditionMgr:438 - getConditionDescription Invalid condition id : Sigfox Third Party LIB Condition cause : null
2024-10-11 09:10:49,713 [WARN] PackLoader:240 - Cannot read IP mode file for STMicroelectronics.X-CUBE-SFXS2LP1.2.0.0
2024-10-11 09:10:49,715 [WARN] ConditionMgr:1039 - genDependencies : Invalid condition id : SIGFOX STM32 LIB Condition cause : null
2024-10-11 09:10:49,715 [WARN] ConditionMgr:1039 - genDependencies : Invalid condition id : Sigfox Third Party LIB Condition cause : null
2024-10-11 09:10:49,716 [WARN] ConditionMgr:1039 - genDependencies : Invalid condition id : Sigfox Third Party LIB Condition cause : null
2024-10-11 09:10:49,716 [WARN] ConditionMgr:1039 - genDependencies : Invalid condition id : SIGFOX STM32 LIB Condition cause : null
2024-10-11 09:10:49,716 [WARN] ConditionMgr:1039 - genDependencies : Invalid condition id : SIGFOX STM32 LIB Condition cause : null
2024-10-11 09:10:49,716 [WARN] ConditionMgr:1039 - genDependencies : Invalid condition id : Sigfox Third Party LIB Condition cause : null
2024-10-11 09:10:49,753 [WARN] PackLoader:240 - Cannot read IP mode file for STMicroelectronics.X-CUBE-SUBG2.4.1.0
2024-10-11 09:10:49,756 [INFO] WebApp:167 - Instantiating new browser for Auth
2024-10-11 09:10:49,803 [WARN] PackLoader:240 - Cannot read IP mode file for STMicroelectronics.X-CUBE-TOUCHGFX.4.23.0
2024-10-11 09:10:50,182 [WARN] PackLoader:240 - Cannot read IP mode file for STMicroelectronics.X-CUBE-MEMS1.9.2.0
2024-10-11 09:10:50,330 [WARN] PackLoader:240 - Cannot read IP mode file for STMicroelectronics.X-CUBE-TOUCHGFX.4.23.2
2024-10-11 09:10:50,434 [WARN] PackLoader:240 - Cannot read IP mode file for STMicroelectronics.X-CUBE-AZRTOS-H7.1.1.0
2024-10-11 09:10:50,592 [WARN] PackLoader:240 - Cannot read IP mode file for STMicroelectronics.X-CUBE-AZRTOS-F7.1.1.0
2024-10-11 09:10:50,633 [WARN] PackLoader:240 - Cannot read IP mode file for STMicroelectronics.X-CUBE-AI.7.1.0
2024-10-11 09:10:50,681 [WARN] PackLoader:240 - Cannot read IP mode file for STMicroelectronics.X-CUBE-TOUCHGFX.4.19.1
2024-10-11 09:10:50,712 [ERROR] RealEvaluatedCondition:428 - Found unsupported composite condition: CLASS='Data Exchange' GROUP='STM32_MetaDataManager'
2024-10-11 09:10:50,713 [ERROR] RealEvaluatedCondition:428 - Found unsupported composite condition: CLASS='Data Exchange' GROUP='STM32_MetaDataManager'
2024-10-11 09:10:50,714 [WARN] PackLoader:240 - Cannot read IP mode file for STMicroelectronics.FP-SNS-MOTENV1.4.3.0
2024-10-11 09:10:50,749 [WARN] PackLoader:240 - Cannot read IP mode file for STMicroelectronics.FP-SNS-MOTENV1.4.3.2
2024-10-11 09:10:50,795 [WARN] PackLoader:240 - Cannot read IP mode file for STMicroelectronics.FP-SNS-FLIGHT1.5.0.0
2024-10-11 09:10:50,853 [ERROR] RealEvaluatedCondition:428 - Found unsupported composite condition: GROUP='STM32_MetaDataManager' CLASS='Data Exchange'
2024-10-11 09:10:50,853 [ERROR] RealEvaluatedCondition:428 - Found unsupported composite condition: CLASS='Data Exchange' GROUP='STM32_MetaDataManager'
2024-10-11 09:10:50,854 [WARN] PackLoader:240 - Cannot read IP mode file for STMicroelectronics.FP-SNS-MOTENV1.4.3.1
2024-10-11 09:10:50,891 [WARN] PackLoader:240 - Cannot read IP mode file for STMicroelectronics.FP-SNS-FLIGHT1.5.0.1
2024-10-11 09:10:50,974 [WARN] PackLoader:240 - Cannot read IP mode file for STMicroelectronics.X-CUBE-BLE1.6.2.3
2024-10-11 09:10:51,107 [WARN] PackLoader:240 - Cannot read IP mode file for STMicroelectronics.X-CUBE-MEMS1.11.0.0
2024-10-11 09:10:51,272 [WARN] PackLoader:240 - Cannot read IP mode file for STMicroelectronics.X-CUBE-EEPRMA1.3.0.0
2024-10-11 09:10:51,324 [WARN] PackLoader:240 - Cannot read IP mode file for STMicroelectronics.X-CUBE-BLE1.6.2.4
2024-10-11 09:10:51,466 [WARN] PackLoader:240 - Cannot read IP mode file for STMicroelectronics.X-CUBE-ALGOBUILD.1.1.0
2024-10-11 09:10:51,655 [WARN] PackLoader:240 - Cannot read IP mode file for STMicroelectronics.X-CUBE-BLE1.6.2.0
2024-10-11 09:10:51,699 [WARN] PackLoader:240 - Cannot read IP mode file for STMicroelectronics.X-CUBE-BLE1.6.2.1
2024-10-11 09:10:51,735 [WARN] PackLoader:240 - Cannot read IP mode file for STMicroelectronics.X-CUBE-BLE1.6.2.2
2024-10-11 09:10:51,766 [WARN] PackLoader:240 - Cannot read IP mode file for STMicroelectronics.X-CUBE-BLE2.3.2.1
2024-10-11 09:10:51,810 [WARN] PackLoader:240 - Cannot read IP mode file for STMicroelectronics.FP-SNS-FLIGHT1.5.0.2
2024-10-11 09:10:51,825 [WARN] PackLoader:240 - Cannot read IP mode file for STMicroelectronics.X-CUBE-BLE2.3.2.2
2024-10-11 09:10:51,854 [WARN] PackLoader:240 - Cannot read IP mode file for STMicroelectronics.X-CUBE-TOUCHGFX.4.19.0
2024-10-11 09:10:51,920 [WARN] PackLoader:240 - Cannot read IP mode file for STMicroelectronics.X-CUBE-TOF1.3.1.0
2024-10-11 09:10:51,952 [WARN] PackLoader:240 - Cannot read IP mode file for STMicroelectronics.X-CUBE-BLE2.3.2.0
2024-10-11 09:10:51,976 [WARN] PackLoader:240 - Cannot read IP mode file for wolfSSL.I-CUBE-wolfSSL.5.1.1
2024-10-11 09:10:52,033 [WARN] PackLoader:240 - Cannot read IP mode file for STMicroelectronics.X-CUBE-DISPLAY.3.0.0
2024-10-11 09:10:52,117 [WARN] PackLoader:240 - Cannot read IP mode file for STMicroelectronics.X-CUBE-BLE1.7.0.0
2024-10-11 09:10:52,286 [WARN] PackLoader:240 - Cannot read IP mode file for STMicroelectronics.X-CUBE-NFC10.1.0.0
2024-10-11 09:10:52,322 [WARN] PackLoader:240 - Cannot read IP mode file for STMicroelectronics.X-CUBE-TOUCHGFX.4.22.0
2024-10-11 09:10:52,393 [WARN] PackLoader:240 - Cannot read IP mode file for STMicroelectronics.X-CUBE-TOUCHGFX.4.22.1
2024-10-11 09:10:52,453 [WARN] PackLoader:240 - Cannot read IP mode file for STMicroelectronics.X-CUBE-SUBG2.4.2.0
2024-10-11 09:10:52,578 [WARN] PackLoader:240 - Cannot read IP mode file for STMicroelectronics.X-CUBE-AZRTOS-H7.1.0.0
2024-10-11 09:10:52,724 [WARN] PackLoader:240 - Cannot read IP mode file for STMicroelectronics.X-CUBE-MEMS1.9.3.0
2024-10-11 09:10:52,886 [WARN] PackLoader:240 - Cannot read IP mode file for STMicroelectronics.X-CUBE-AI.7.2.0
2024-10-11 09:10:53,095 [WARN] PackLoader:240 - Cannot read IP mode file for STMicroelectronics.X-CUBE-BLEMGR.3.1.0
2024-10-11 09:10:54,974 [WARN] PackLoader:240 - Cannot read IP mode file for STMicroelectronics.FP-SNS-SMARTAG2.1.2.0
2024-10-11 09:10:55,086 [WARN] PackLoader:240 - Cannot read IP mode file for STMicroelectronics.X-CUBE-ALGOBUILD.1.2.1
2024-10-11 09:10:55,339 [WARN] PackLoader:240 - Cannot read IP mode file for STMicroelectronics.FP-SNS-MOTENV1.5.0.0
2024-10-11 09:10:55,387 [WARN] PackLoader:240 - Cannot read IP mode file for STMicroelectronics.X-CUBE-ALGOBUILD.1.2.0
2024-10-11 09:10:55,569 [WARN] PackLoader:240 - Cannot read IP mode file for wolfSSL.I-CUBE-wolfMQTT.1.19.0
2024-10-11 09:10:55,638 [WARN] PackLoader:240 - Cannot read IP mode file for WES.I-CUBE-Cesium.1.3.0
2024-10-11 09:10:55,667 [WARN] PackLoader:240 - Cannot read IP mode file for STMicroelectronics.X-CUBE-BLE1.6.1.0
2024-10-11 09:10:55,740 [WARN] PackLoader:240 - Cannot read IP mode file for STMicroelectronics.X-CUBE-BLE2.3.3.0
2024-10-11 09:10:55,828 [WARN] PackLoader:240 - Cannot read IP mode file for STMicroelectronics.X-CUBE-DISPLAY.2.2.0
2024-10-11 09:10:55,847 [WARN] PackLoader:240 - Cannot read IP mode file for STMicroelectronics.X-CUBE-TOF1.3.2.0
2024-10-11 09:10:55,862 [WARN] PackLoader:240 - Cannot read IP mode file for STMicroelectronics.X-CUBE-TOUCHGFX.4.18.1
2024-10-11 09:10:55,889 [WARN] PackLoader:240 - Cannot read IP mode file for STMicroelectronics.X-CUBE-TOUCHGFX.4.18.0
2024-10-11 09:10:55,915 [WARN] PackLoader:240 - Cannot read IP mode file for STMicroelectronics.X-CUBE-ISPU.1.0.0
2024-10-11 09:10:55,950 [WARN] PackLoader:240 - Cannot read IP mode file for STMicroelectronics.X-CUBE-NFC9.1.0.0
2024-10-11 09:10:55,997 [WARN] PackLoader:240 - Cannot read IP mode file for STMicroelectronics.X-CUBE-AZRTOS-H7.2.1.0
2024-10-11 09:10:56,005 [WARN] PackLoader:240 - Cannot read IP mode file for STMicroelectronics.X-CUBE-TCPP.4.1.0
2024-10-11 09:10:56,032 [WARN] PackLoader:240 - Cannot read IP mode file for STMicroelectronics.X-CUBE-TOUCHGFX.4.21.1
2024-10-11 09:10:56,040 [WARN] PackLoader:240 - Cannot read IP mode file for STMicroelectronics.X-CUBE-TOUCHGFX.4.21.0
2024-10-11 09:10:56,059 [WARN] PackLoader:240 - Cannot read IP mode file for STMicroelectronics.X-CUBE-TOUCHGFX.4.21.3
2024-10-11 09:10:56,074 [WARN] PackLoader:240 - Cannot read IP mode file for STMicroelectronics.X-CUBE-TOUCHGFX.4.21.4
2024-10-11 09:10:56,140 [WARN] PackLoader:240 - Cannot read IP mode file for STMicroelectronics.X-CUBE-MEMS1.9.4.0
2024-10-11 09:10:56,243 [WARN] PackLoader:240 - Cannot read IP mode file for STMicroelectronics.X-CUBE-AI.7.3.0
2024-10-11 09:10:56,284 [WARN] PackLoader:240 - Cannot read IP mode file for AL94.I-CUBE-USBD-COMPOSITE.1.0.2
2024-10-11 09:10:56,367 [WARN] PackLoader:240 - Cannot read IP mode file for AL94.I-CUBE-USBD-COMPOSITE.1.0.1
2024-10-11 09:10:56,498 [WARN] PackLoader:240 - Cannot read IP mode file for STMicroelectronics.X-CUBE-ALGOBUILD.1.3.0
2024-10-11 09:10:56,606 [WARN] PackLoader:240 - Cannot read IP mode file for STMicroelectronics.X-CUBE-AZRTOS-G0.1.1.0
2024-10-11 09:10:56,628 [WARN] PackLoader:240 - Cannot read IP mode file for STMicroelectronics.X-CUBE-SAFEA1.1.2.2
2024-10-11 09:10:56,652 [WARN] PackLoader:240 - Cannot read IP mode file for STMicroelectronics.X-CUBE-NFC4.3.0.0
2024-10-11 09:10:56,725 [WARN] PackLoader:240 - Cannot read IP mode file for SEGGER.I-CUBE-embOS.1.2.0
2024-10-11 09:10:56,770 [WARN] PackLoader:240 - Cannot read IP mode file for EmbeddedOffice.I-CUBE-FS-RTOS.1.0.1
2024-10-11 09:10:56,770 [ERROR] ConditionMgr:805 - Attr not supported : Dmpu
2024-10-11 09:10:56,771 [ERROR] ConditionMgr:805 - Attr not supported : Dmpu
2024-10-11 09:10:56,771 [ERROR] ConditionMgr:805 - Attr not supported : Dmpu
2024-10-11 09:10:56,771 [ERROR] ConditionMgr:805 - Attr not supported : Dmpu
2024-10-11 09:10:56,771 [ERROR] ConditionMgr:805 - Attr not supported : Dmpu
2024-10-11 09:10:56,771 [ERROR] ConditionMgr:805 - Attr not supported : Dmpu
2024-10-11 09:10:56,771 [ERROR] ConditionMgr:805 - Attr not supported : Dmpu
2024-10-11 09:10:56,771 [ERROR] ConditionMgr:805 - Attr not supported : Dmpu
2024-10-11 09:10:56,771 [ERROR] ConditionMgr:805 - Attr not supported : Dmpu
2024-10-11 09:10:56,771 [ERROR] ConditionMgr:805 - Attr not supported : Dmpu
2024-10-11 09:10:56,771 [ERROR] ConditionMgr:805 - Attr not supported : Dmpu
2024-10-11 09:10:56,771 [ERROR] ConditionMgr:805 - Attr not supported : Dmpu
2024-10-11 09:10:56,771 [ERROR] ConditionMgr:805 - Attr not supported : Dmpu
2024-10-11 09:10:56,771 [ERROR] ConditionMgr:805 - Attr not supported : Dmpu
2024-10-11 09:10:56,771 [ERROR] ConditionMgr:805 - Attr not supported : Dmpu
2024-10-11 09:10:56,771 [ERROR] ConditionMgr:805 - Attr not supported : Dmpu
2024-10-11 09:10:56,771 [ERROR] ConditionMgr:805 - Attr not supported : Dmpu
2024-10-11 09:10:56,772 [ERROR] ConditionMgr:805 - Attr not supported : Dmpu
2024-10-11 09:10:56,772 [ERROR] ConditionMgr:805 - Attr not supported : Dmpu
2024-10-11 09:10:56,772 [ERROR] ConditionMgr:805 - Attr not supported : Dmpu
2024-10-11 09:10:56,772 [ERROR] ConditionMgr:805 - Attr not supported : Dmpu
2024-10-11 09:10:56,772 [ERROR] ConditionMgr:805 - Attr not supported : Dmpu
2024-10-11 09:10:56,772 [ERROR] ConditionMgr:805 - Attr not supported : Dmpu
2024-10-11 09:10:56,772 [ERROR] ConditionMgr:805 - Attr not supported : Dmpu
2024-10-11 09:10:56,772 [ERROR] ConditionMgr:805 - Attr not supported : Dmpu
2024-10-11 09:10:56,772 [ERROR] ConditionMgr:805 - Attr not supported : Dmpu
2024-10-11 09:10:56,772 [ERROR] ConditionMgr:805 - Attr not supported : Dmpu
2024-10-11 09:10:56,772 [ERROR] ConditionMgr:805 - Attr not supported : Dmpu
2024-10-11 09:10:56,772 [ERROR] ConditionMgr:805 - Attr not supported : Dmpu
2024-10-11 09:10:56,772 [ERROR] ConditionMgr:805 - Attr not supported : Dmpu
2024-10-11 09:10:56,772 [ERROR] ConditionMgr:805 - Attr not supported : Dmpu
2024-10-11 09:10:56,772 [ERROR] ConditionMgr:805 - Attr not supported : Dmpu
2024-10-11 09:10:56,772 [ERROR] ConditionMgr:805 - Attr not supported : Dmpu
2024-10-11 09:10:56,772 [ERROR] ConditionMgr:805 - Attr not supported : Dmpu
2024-10-11 09:10:56,772 [ERROR] ConditionMgr:805 - Attr not supported : Dmpu
2024-10-11 09:10:56,773 [ERROR] ConditionMgr:805 - Attr not supported : Dmpu
2024-10-11 09:10:56,773 [ERROR] ConditionMgr:805 - Attr not supported : Dmpu
2024-10-11 09:10:56,773 [ERROR] ConditionMgr:805 - Attr not supported : Dmpu
2024-10-11 09:10:56,773 [ERROR] ConditionMgr:805 - Attr not supported : Dmpu
2024-10-11 09:10:56,773 [ERROR] ConditionMgr:805 - Attr not supported : Dmpu
2024-10-11 09:10:56,773 [ERROR] ConditionMgr:805 - Attr not supported : Dmpu
2024-10-11 09:10:56,773 [ERROR] ConditionMgr:805 - Attr not supported : Dmpu
2024-10-11 09:10:56,773 [ERROR] ConditionMgr:805 - Attr not supported : Dmpu
2024-10-11 09:10:56,773 [ERROR] ConditionMgr:805 - Attr not supported : Dmpu
2024-10-11 09:10:56,773 [ERROR] ConditionMgr:805 - Attr not supported : Dmpu
2024-10-11 09:10:56,773 [ERROR] ConditionMgr:805 - Attr not supported : Dmpu
2024-10-11 09:10:56,773 [ERROR] ConditionMgr:805 - Attr not supported : Dmpu
2024-10-11 09:10:56,773 [ERROR] ConditionMgr:805 - Attr not supported : Dmpu
2024-10-11 09:10:56,773 [ERROR] ConditionMgr:805 - Attr not supported : Dmpu
2024-10-11 09:10:56,773 [ERROR] ConditionMgr:805 - Attr not supported : Dmpu
2024-10-11 09:10:56,773 [ERROR] ConditionMgr:805 - Attr not supported : Dmpu
2024-10-11 09:10:56,774 [ERROR] ConditionMgr:805 - Attr not supported : Dmpu
2024-10-11 09:10:56,774 [ERROR] ConditionMgr:805 - Attr not supported : Dmpu
2024-10-11 09:10:56,774 [ERROR] ConditionMgr:805 - Attr not supported : Dmpu
2024-10-11 09:10:56,774 [ERROR] ConditionMgr:805 - Attr not supported : Dmpu
2024-10-11 09:10:56,774 [ERROR] ConditionMgr:805 - Attr not supported : Dmpu
2024-10-11 09:10:56,774 [ERROR] ConditionMgr:805 - Attr not supported : Dmpu
2024-10-11 09:10:56,774 [ERROR] ConditionMgr:805 - Attr not supported : Dmpu
2024-10-11 09:10:56,774 [ERROR] ConditionMgr:805 - Attr not supported : Dmpu
2024-10-11 09:10:56,774 [ERROR] ConditionMgr:805 - Attr not supported : Dmpu
2024-10-11 09:10:56,774 [ERROR] ConditionMgr:805 - Attr not supported : Dmpu
2024-10-11 09:10:56,774 [ERROR] ConditionMgr:805 - Attr not supported : Dmpu
2024-10-11 09:10:56,774 [ERROR] ConditionMgr:805 - Attr not supported : Dmpu
2024-10-11 09:10:56,774 [ERROR] ConditionMgr:805 - Attr not supported : Dmpu
2024-10-11 09:10:56,787 [WARN] PackLoader:240 - Cannot read IP mode file for STMicroelectronics.X-CUBE-DISPLAY.2.1.0
2024-10-11 09:10:56,832 [WARN] PackLoader:240 - Cannot read IP mode file for AL94.I-CUBE-USBD-COMPOSITE.1.0.3
2024-10-11 09:10:56,934 [WARN] PackLoader:240 - Cannot read IP mode file for STMicroelectronics.X-CUBE-TOUCHGFX.4.17.0
2024-10-11 09:10:56,969 [WARN] PackLoader:240 - Cannot read IP mode file for STMicroelectronics.X-CUBE-BLEMGR.3.0.0
2024-10-11 09:10:56,992 [WARN] PackLoader:240 - Cannot read IP mode file for STMicroelectronics.X-CUBE-BLEMGR.1.3.0
2024-10-11 09:10:57,009 [WARN] PackLoader:240 - Cannot read IP mode file for RealThread.X-CUBE-RT-Thread_Nano.4.1.1
2024-10-11 09:10:57,078 [WARN] PackLoader:240 - Cannot read IP mode file for STMicroelectronics.X-CUBE-AZRTOS-H7.2.0.0
2024-10-11 09:10:57,144 [WARN] PackLoader:240 - Cannot read IP mode file for STMicroelectronics.FP-ATR-SIGFOX1.3.2.0
2024-10-11 09:10:57,167 [WARN] PackLoader:240 - Cannot read IP mode file for STMicroelectronics.X-CUBE-EEPRMA1.5.1.0
2024-10-11 09:10:57,209 [WARN] PackLoader:240 - Cannot read IP mode file for emotas.I-CUBE-CANOPEN.1.1.2
2024-10-11 09:10:57,222 [WARN] PackLoader:240 - Cannot read IP mode file for STMicroelectronics.X-CUBE-TOUCHGFX.4.20.0
2024-10-11 09:10:57,278 [WARN] PackLoader:240 - Cannot read IP mode file for STMicroelectronics.X-CUBE-MEMS1.9.5.0
2024-10-11 09:10:57,425 [WARN] PackLoader:240 - Cannot read IP mode file for SEGGER.I-CUBE-embOS.1.3.1
2024-10-11 09:10:57,487 [WARN] PackLoader:240 - Cannot read IP mode file for STMicroelectronics.X-CUBE-ALGOBUILD.1.4.0
2024-10-11 09:10:57,506 [WARN] PackLoader:240 - Cannot read IP mode file for STMicroelectronics.X-CUBE-DISPLAY.2.0.0
2024-10-11 09:10:57,527 [WARN] PackLoader:240 - Cannot read IP mode file for STMicroelectronics.X-CUBE-DISPLAY.2.0.1
2024-10-11 09:10:57,540 [WARN] PackLoader:240 - Cannot read IP mode file for STMicroelectronics.X-CUBE-AI.9.1.0
2024-10-11 09:10:57,573 [WARN] PackLoader:240 - Cannot read IP mode file for STMicroelectronics.X-CUBE-TOUCHGFX.4.16.1
2024-10-11 09:10:57,605 [WARN] PackLoader:240 - Cannot read IP mode file for STMicroelectronics.X-CUBE-TOUCHGFX.4.16.0
2024-10-11 09:10:57,680 [WARN] PackLoader:240 - Cannot read IP mode file for STMicroelectronics.X-CUBE-TOF1.3.0.0
2024-10-11 09:10:57,713 [WARN] PackLoader:240 - Cannot read IP mode file for STMicroelectronics.X-CUBE-BLE2.3.1.0
2024-10-11 09:10:57,793 [WARN] PackLoader:240 - Cannot read IP mode file for STMicroelectronics.X-CUBE-GNSS1.6.0.0
2024-10-11 09:10:57,935 [WARN] PackLoader:240 - Cannot read IP mode file for STMicroelectronics.X-CUBE-AZRTOS-F4.1.1.0
2024-10-11 09:10:57,947 [WARN] PackLoader:240 - Cannot read IP mode file for STMicroelectronics.X-CUBE-ISPU.2.1.0
2024-10-11 09:10:57,960 [WARN] PackLoader:240 - Cannot read IP mode file for STMicroelectronics.X-CUBE-FREERTOS.1.2.0
2024-10-11 09:10:57,986 [WARN] PackLoader:240 - Cannot read IP mode file for STMicroelectronics.X-CUBE-BLEMGR.1.2.0
2024-10-11 09:10:58,007 [WARN] PackLoader:240 - Cannot read IP mode file for STMicroelectronics.X-CUBE-AZRTOS-L5.2.0.0
2024-10-11 09:10:58,078 [WARN] PackLoader:240 - Cannot read IP mode file for STMicroelectronics.X-CUBE-MEMS1.9.6.0
2024-10-11 09:10:58,204 [WARN] PackLoader:240 - Cannot read IP mode file for STMicroelectronics.X-CUBE-EEPRMA1.4.2.0
2024-10-11 09:10:58,254 [WARN] PackLoader:240 - Cannot read IP mode file for STMicroelectronics.X-CUBE-NFC6.3.1.0
2024-10-11 09:10:58,316 [INFO] WebApp:448 - Apply proxy settings
2024-10-11 09:10:58,316 [INFO] WebApp:533 - Chromium requires no authentication
2024-10-11 09:10:58,321 [WARN] PackLoader:240 - Cannot read IP mode file for ITTIA_DB.I-CUBE-ITTIADB.8.8.0
2024-10-11 09:10:58,389 [INFO] WebApp:476 - Direct internet connection detected
2024-10-11 09:10:58,390 [WARN] PackLoader:240 - Cannot read IP mode file for STMicroelectronics.X-CUBE-BLEMGR.2.0.0
2024-10-11 09:10:58,468 [WARN] PackLoader:240 - Cannot read IP mode file for STMicroelectronics.X-CUBE-DPower.1.2.0
2024-10-11 09:10:58,524 [WARN] PackLoader:240 - Cannot read IP mode file for STMicroelectronics.X-CUBE-NFC4.2.0.5
2024-10-11 09:10:58,605 [WARN] PackLoader:240 - Cannot read IP mode file for STMicroelectronics.X-CUBE-NFC4.2.0.4
2024-10-11 09:10:58,606 [INFO] WebApp:869 - Register for checkConnection events
2024-10-11 09:10:58,606 [INFO] WebApp:448 - Apply proxy settings
2024-10-11 09:10:58,606 [INFO] WebApp:533 - Chromium requires no authentication
2024-10-11 09:10:58,608 [INFO] WebApp:476 - Direct internet connection detected
2024-10-11 09:10:58,649 [WARN] PackLoader:240 - Cannot read IP mode file for STMicroelectronics.X-CUBE-TOUCHGFX.4.15.0
2024-10-11 09:10:58,701 [WARN] PackLoader:240 - Cannot read IP mode file for STMicroelectronics.X-CUBE-NFC4.2.0.3
2024-10-11 09:10:58,743 [WARN] PackLoader:240 - Cannot read IP mode file for wolfSSL.I-CUBE-wolfSSL.4.8.0
2024-10-11 09:10:58,805 [WARN] PackLoader:240 - Cannot read IP mode file for STMicroelectronics.X-CUBE-NFC4.2.0.2
2024-10-11 09:10:58,844 [WARN] PackLoader:240 - Cannot read IP mode file for STMicroelectronics.X-CUBE-AI.9.0.0
2024-10-11 09:10:58,886 [WARN] PackLoader:240 - Cannot read IP mode file for STMicroelectronics.X-CUBE-NFC4.2.0.1
2024-10-11 09:10:59,039 [WARN] ConditionMgr:438 - getConditionDescription Invalid condition id : UX DEVICE CLASS RTOS Condition cause : null
2024-10-11 09:10:59,039 [WARN] ConditionMgr:438 - getConditionDescription Invalid condition id : UX DEVICE CLASS RTOS Condition cause : null
2024-10-11 09:10:59,042 [WARN] PackLoader:240 - Cannot read IP mode file for STMicroelectronics.X-CUBE-AZRTOS-H7.3.1.0
2024-10-11 09:10:59,042 [WARN] ConditionMgr:1039 - genDependencies : Invalid condition id : UX DEVICE CLASS RTOS Condition cause : null
2024-10-11 09:10:59,042 [WARN] ConditionMgr:1039 - genDependencies : Invalid condition id : UX DEVICE CLASS RTOS Condition cause : null
2024-10-11 09:10:59,043 [WARN] ConditionMgr:1039 - genDependencies : Invalid condition id : UX DEVICE CLASS RTOS Condition cause : null
2024-10-11 09:10:59,043 [WARN] ConditionMgr:1039 - genDependencies : Invalid condition id : UX DEVICE CLASS RTOS Condition cause : null
2024-10-11 09:10:59,043 [WARN] ConditionMgr:1039 - genDependencies : Invalid condition id : UX DEVICE CLASS RTOS Condition cause : null
2024-10-11 09:10:59,120 [WARN] PackLoader:240 - Cannot read IP mode file for STMicroelectronics.X-CUBE-SFXS2LP1.3.1.0
2024-10-11 09:10:59,204 [WARN] PackLoader:240 - Cannot read IP mode file for STMicroelectronics.X-CUBE-AZRTOS-F4.1.0.0
2024-10-11 09:10:59,291 [WARN] PackLoader:240 - Cannot read IP mode file for STMicroelectronics.X-CUBE-SUBG2.3.0.1
2024-10-11 09:10:59,339 [WARN] PackLoader:240 - Cannot read IP mode file for STMicroelectronics.X-CUBE-SUBG2.3.0.0
2024-10-11 09:10:59,410 [WARN] PackLoader:240 - Cannot read IP mode file for STMicroelectronics.X-CUBE-TOF1.2.0.0
2024-10-11 09:10:59,489 [WARN] PackLoader:240 - Cannot read IP mode file for STMicroelectronics.X-CUBE-NFC7.1.0.1
2024-10-11 09:10:59,515 [WARN] PackLoader:240 - Cannot read IP mode file for STMicroelectronics.X-CUBE-NFC7.1.0.0
2024-10-11 09:10:59,544 [WARN] PackLoader:240 - Cannot read IP mode file for wolfSSL.I-CUBE-wolfTPM.3.2.0
2024-10-11 09:10:59,628 [WARN] PackLoader:240 - Cannot read IP mode file for STMicroelectronics.X-CUBE-NFC6.3.0.0
2024-10-11 09:10:59,720 [WARN] PackLoader:240 - Cannot read IP mode file for STMicroelectronics.X-CUBE-EEPRMA1.4.1.0
2024-10-11 09:10:59,733 [INFO] WebApp:220 - Starting web application
2024-10-11 09:10:59,733 [INFO] WebApp:578 - Web application path used /home/lth/st/stm32cubeide_1.16.1/plugins/com.st.stm32cube.common.mx_6.12.1.202409122256/db/plugins/mcufinder/reactClient1/index.html
2024-10-11 09:10:59,772 [WARN] PackLoader:240 - Cannot read IP mode file for STMicroelectronics.X-CUBE-DISPLAY.1.0.0
2024-10-11 09:10:59,915 [WARN] PackLoader:240 - Cannot read IP mode file for STMicroelectronics.X-CUBE-AI.8.1.0
2024-10-11 09:10:59,940 [WARN] PackLoader:240 - Cannot read IP mode file for STMicroelectronics.X-CUBE-AI.6.0.0
2024-10-11 09:11:00,054 [WARN] PackLoader:240 - Cannot read IP mode file for STMicroelectronics.X-CUBE-AZRTOS-G0.1.0.0
2024-10-11 09:11:00,147 [WARN] ConditionMgr:438 - getConditionDescription Invalid condition id : LAN8742 Phy interface Condition cause : null
2024-10-11 09:11:00,147 [WARN] PackLoader:240 - Cannot read IP mode file for STMicroelectronics.X-CUBE-AZRTOS-L4.2.0.0
2024-10-11 09:11:00,148 [WARN] ConditionMgr:1039 - genDependencies : Invalid condition id : LAN8742 Phy interface Condition cause : null
2024-10-11 09:11:00,148 [WARN] ConditionMgr:1039 - genDependencies : Invalid condition id : LAN8742 Phy interface Condition cause : null
2024-10-11 09:11:00,148 [WARN] ConditionMgr:1039 - genDependencies : Invalid condition id : LAN8742 Phy interface Condition cause : null
2024-10-11 09:11:00,231 [WARN] PackLoader:240 - Cannot read IP mode file for STMicroelectronics.X-CUBE-SFXS2LP1.4.0.0
2024-10-11 09:11:00,231 [INFO] WebApp:186 - Connection restablished
2024-10-11 09:11:00,459 [WARN] PackLoader:240 - Cannot read IP mode file for wolfSSL.I-CUBE-wolfSSL.4.7.0
2024-10-11 09:11:00,642 [WARN] PackLoader:240 - Cannot read IP mode file for STMicroelectronics.X-CUBE-AI.5.2.0
2024-10-11 09:11:00,756 [WARN] PackLoader:240 - Cannot read IP mode file for STMicroelectronics.X-CUBE-AZRTOS-H7.3.0.0
2024-10-11 09:11:00,803 [WARN] PackLoader:240 - Cannot read IP mode file for STMicroelectronics.X-CUBE-ISPU.1.1.0
2024-10-11 09:11:00,831 [INFO] UserAuth:417 - Internet connection configuration mode: 1
2024-10-11 09:11:00,857 [WARN] PackLoader:240 - Cannot read IP mode file for STMicroelectronics.X-CUBE-AZRTOS-H7.3.3.0
2024-10-11 09:11:00,950 [WARN] PackLoader:240 - Cannot read IP mode file for RoweBots.I-CUBE-UNISONRTOS.5.5.0-4
2024-10-11 09:11:00,997 [WARN] PackLoader:240 - Cannot read IP mode file for STMicroelectronics.X-CUBE-SFXS2LP1.3.0.0
2024-10-11 09:11:01,062 [WARN] PackLoader:240 - Cannot read IP mode file for STMicroelectronics.X-CUBE-AI.8.0.0
2024-10-11 09:11:01,156 [WARN] PackLoader:240 - Cannot read IP mode file for STMicroelectronics.X-CUBE-IPS.3.0.0
2024-10-11 09:11:01,273 [WARN] ConditionMgr:438 - getConditionDescription Invalid condition id : UX DEVICE CLASS RTOS Condition cause : null
2024-10-11 09:11:01,273 [WARN] ConditionMgr:438 - getConditionDescription Invalid condition id : UX DEVICE CLASS RTOS Condition cause : null
2024-10-11 09:11:01,274 [WARN] PackLoader:240 - Cannot read IP mode file for STMicroelectronics.X-CUBE-AZRTOS-WB.2.0.0
2024-10-11 09:11:01,275 [WARN] ConditionMgr:1039 - genDependencies : Invalid condition id : UX DEVICE CLASS RTOS Condition cause : null
2024-10-11 09:11:01,275 [WARN] ConditionMgr:1039 - genDependencies : Invalid condition id : UX DEVICE CLASS RTOS Condition cause : null
2024-10-11 09:11:01,275 [WARN] ConditionMgr:1039 - genDependencies : Invalid condition id : UX DEVICE CLASS RTOS Condition cause : null
2024-10-11 09:11:01,275 [WARN] ConditionMgr:1039 - genDependencies : Invalid condition id : UX DEVICE CLASS RTOS Condition cause : null
2024-10-11 09:11:01,275 [WARN] ConditionMgr:1039 - genDependencies : Invalid condition id : UX DEVICE CLASS RTOS Condition cause : null
2024-10-11 09:11:01,296 [WARN] PackLoader:240 - Cannot read IP mode file for STMicroelectronics.X-CUBE-FREERTOS.1.0.0
2024-10-11 09:11:01,359 [WARN] PackLoader:240 - Cannot read IP mode file for STMicroelectronics.X-CUBE-FREERTOS.1.0.1
2024-10-11 09:11:01,434 [WARN] PackLoader:240 - Cannot read IP mode file for STMicroelectronics.X-CUBE-GNSS1.7.0.0
2024-10-11 09:11:01,486 [WARN] PackLoader:240 - Cannot read IP mode file for STMicroelectronics.X-CUBE-BLEMGR.1.0.0
2024-10-11 09:11:01,592 [WARN] PackLoader:240 - Cannot read IP mode file for STMicroelectronics.X-CUBE-MEMS1.9.0.0
2024-10-11 09:11:01,694 [WARN] PackLoader:240 - Cannot read IP mode file for STMicroelectronics.FP-SNS-STBOX1.2.0.0
2024-10-11 09:11:01,814 [WARN] PackLoader:240 - Cannot read IP mode file for STMicroelectronics.X-CUBE-MEMS1.8.2.0
2024-10-11 09:11:01,963 [WARN] PackLoader:240 - Cannot read IP mode file for STMicroelectronics.X-CUBE-AZRTOS-L5.1.1.0
2024-10-11 09:11:02,007 [WARN] PackLoader:240 - Cannot read IP mode file for STMicroelectronics.X-CUBE-AI.8.0.1
2024-10-11 09:11:02,093 [WARN] PackLoader:240 - Cannot read IP mode file for STMicroelectronics.X-CUBE-SUBG2.5.0.0
2024-10-11 09:11:02,135 [WARN] PackLoader:240 - Cannot read IP mode file for STMicroelectronics.X-CUBE-GNSS1.5.1.0
2024-10-11 09:11:02,215 [WARN] PackLoader:240 - Cannot read IP mode file for STMicroelectronics.X-CUBE-TOF1.3.3.1
2024-10-11 09:11:02,307 [WARN] PackLoader:240 - Cannot read IP mode file for STMicroelectronics.X-CUBE-AZRTOS-G4.2.0.0
2024-10-11 09:11:02,388 [WARN] PackLoader:240 - Cannot read IP mode file for STMicroelectronics.X-CUBE-TOF1.3.3.0
2024-10-11 09:11:02,425 [WARN] PackLoader:240 - Cannot read IP mode file for STMicroelectronics.FP-ATR-ASTRA1.1.1.1
2024-10-11 09:11:02,498 [WARN] PackLoader:240 - Cannot read IP mode file for Infineon.AIROC-Wi-Fi-Bluetooth-STM32.1.5.1
2024-10-11 09:11:02,554 [WARN] PackLoader:240 - Cannot read IP mode file for STMicroelectronics.FP-ATR-ASTRA1.1.1.0
2024-10-11 09:11:02,587 [WARN] PackLoader:240 - Cannot read IP mode file for STMicroelectronics.FP-SNS-MOTENVWB1.1.3.0
2024-10-11 09:11:02,624 [WARN] PackLoader:240 - Cannot read IP mode file for STMicroelectronics.FP-SNS-MOTENVWB1.1.3.1
2024-10-11 09:11:02,694 [WARN] PackLoader:240 - Cannot read IP mode file for STMicroelectronics.X-CUBE-AZRTOS-G4.1.0.0
2024-10-11 09:11:02,720 [WARN] PackLoader:240 - Cannot read IP mode file for STMicroelectronics.X-CUBE-AZRTOS-L4.1.0.0
2024-10-11 09:11:02,737 [WARN] PackLoader:240 - Cannot read IP mode file for STMicroelectronics.X-CUBE-ISPU.2.0.0
2024-10-11 09:11:02,757 [WARN] PackLoader:240 - Cannot read IP mode file for STMicroelectronics.X-CUBE-ALS.1.0.2
2024-10-11 09:11:02,843 [WARN] PackLoader:240 - Cannot read IP mode file for STMicroelectronics.X-CUBE-MEMS1.10.0.0
2024-10-11 09:11:02,928 [WARN] PackLoader:240 - Cannot read IP mode file for STMicroelectronics.X-CUBE-FREERTOS.1.1.0
2024-10-11 09:11:02,951 [WARN] PackLoader:240 - Cannot read IP mode file for STMicroelectronics.X-CUBE-TOUCHGFX.4.24.0
2024-10-11 09:11:02,996 [WARN] PackLoader:240 - Cannot read IP mode file for STMicroelectronics.X-CUBE-AZRTOS-F7.1.0.0
2024-10-11 09:11:03,026 [WARN] PackLoader:240 - Cannot read IP mode file for STMicroelectronics.X-CUBE-SUBG2.4.0.0
2024-10-11 09:11:03,053 [WARN] PackLoader:240 - Cannot read IP mode file for STMicroelectronics.X-CUBE-AZRTOS-WL.1.0.0
2024-10-11 09:11:03,070 [WARN] PackLoader:240 - Cannot read IP mode file for STMicroelectronics.X-CUBE-TOUCHGFX.4.24.1
2024-10-11 09:11:03,123 [WARN] PackLoader:240 - Cannot read IP mode file for STMicroelectronics.X-CUBE-MEMS1.9.1.0
2024-10-11 09:11:03,189 [WARN] PackLoader:240 - Cannot read IP mode file for STMicroelectronics.X-CUBE-TOF1.1.0.0
2024-10-11 09:11:03,199 [WARN] PackLoader:240 - Cannot read IP mode file for portGmbH.I-Cube-SoM-uGOAL.1.1.0
2024-10-11 09:11:03,210 [WARN] PackLoader:240 - Cannot read IP mode file for STMicroelectronics.X-CUBE-ALS.1.0.1
2024-10-11 09:11:03,218 [WARN] PackLoader:240 - Cannot read IP mode file for STMicroelectronics.X-CUBE-AI.7.0.0
2024-10-11 09:11:03,236 [WARN] PackLoader:240 - Cannot read IP mode file for STMicroelectronics.X-CUBE-AZRTOS-WB.1.1.0
2024-10-11 09:11:03,279 [WARN] PackLoader:240 - Cannot read IP mode file for STMicroelectronics.X-CUBE-MEMS1.8.3.0
2024-10-11 09:11:03,350 [WARN] PackLoader:240 - Cannot read IP mode file for STMicroelectronics.X-CUBE-AZRTOS-L5.1.0.0
2024-10-11 09:11:03,368 [WARN] PackLoader:240 - Cannot read IP mode file for STMicroelectronics.X-CUBE-ALGOBUILD.1.0.0
2024-10-11 09:11:03,407 [WARN] PackLoader:240 - Cannot read IP mode file for STMicroelectronics.X-CUBE-EEPRMA1.3.1.0
2024-10-11 09:11:03,411 [WARN] PackLoader:240 - Cannot read IP mode file for STMicroelectronics.X-CUBE-EEPRMA1.3.1.1
2024-10-11 09:11:03,430 [WARN] PackLoader:240 - Cannot read IP mode file for STMicroelectronics.X-CUBE-AZRTOS-H7RS.1.0.0
2024-10-11 09:11:03,485 [WARN] PackLoader:240 - Cannot read IP mode file for STMicroelectronics.X-CUBE-GNSS1.5.2.0
2024-10-11 09:11:03,615 [WARN] PackLoader:240 - Cannot read IP mode file for STMicroelectronics.FP-ATR-ASTRA1.2.0.0
2024-10-11 09:11:03,690 [WARN] PackLoader:240 - Cannot read IP mode file for STMicroelectronics.X-CUBE-TOF1.3.4.2
2024-10-11 09:11:03,781 [WARN] PackLoader:240 - Cannot read IP mode file for STMicroelectronics.X-CUBE-TOF1.3.4.0
2024-10-11 09:11:03,824 [WARN] PackLoader:240 - Cannot read IP mode file for STMicroelectronics.X-CUBE-TOF1.3.4.1
2024-10-11 09:11:03,930 [WARN] PackLoader:240 - Cannot read IP mode file for STMicroelectronics.X-CUBE-AZRTOS-H7.3.2.0
2024-10-11 09:11:03,954 [WARN] PackLoader:240 - Cannot read IP mode file for wolfSSL.I-CUBE-wolfSSH.1.4.17
2024-10-11 09:11:03,954 [INFO] ThirdParty:978 - Integrity check success = true
2024-10-11 09:11:03,954 [INFO] IntegrityCheckThread:100 - exiting critical section [integrity check]
2024-10-11 09:11:03,954 [INFO] IntegrityCheckThread:103 - End integrity checks thread
2024-10-11 11:20:04,983 [INFO] WebApp:189 - Connection lost
2024-10-11 11:20:05,262 [INFO] WebApp:186 - Connection restablished
2024-10-11 11:20:08,464 [INFO] WebApp:189 - Connection lost
2024-10-11 11:20:08,594 [INFO] WebApp:186 - Connection restablished
2024-10-11 12:06:18,387 [INFO] WebApp:189 - Connection lost
2024-10-11 12:06:18,597 [INFO] WebApp:186 - Connection restablished
